19:11:52.201 [default-akka.actor.default-dispatcher-5] INFO  akka.event.slf4j.Slf4jLogger - Slf4jLogger started
19:11:52.254 [main] INFO  AkkaHttpService$ - Building HTTP Request
19:11:52.323 [main] INFO  AkkaHttpService$ - POST HTTP Request
19:12:24.375 [default-akka.actor.default-dispatcher-5] INFO  akka.event.slf4j.Slf4jLogger - Slf4jLogger started
19:12:24.431 [main] INFO  AkkaHttpService$ - Building HTTP Request
19:12:24.501 [main] INFO  AkkaHttpService$ - POST HTTP Request
19:13:07.951 [default-akka.actor.default-dispatcher-6] INFO  AkkaHttpService$ - HttpEntity.Strict(application/json,1832 bytes total)
19:13:07.953 [default-akka.actor.default-dispatcher-6] INFO  AkkaHttpService$ - 200 OK
19:13:07.955 [default-akka.actor.default-dispatcher-6] INFO  AkkaHttpService$ - List(Date: Wed, 02 Nov 2022 00:13:07 GMT, Connection: keep-alive, x-amzn-RequestId: 70f8fe86-f596-4a34-b6be-4c2b913cc2e4, x-amz-apigw-id: a8ljBFzJIAMF37A=, X-Amzn-Trace-Id: Root=1-6361b613-68b4e5c448439c4677b4e6af;Sampled=0)
19:13:07.967 [default-akka.actor.default-dispatcher-5] INFO  AkkaHttpService$ - {"statusCode":200,"headers":{"Content-Type":"application/json"},"body":"{\"status\":200,\"message\":\"Logs Found\",\"MD5Hexoutput\":\"List(a85b514db723e1a34b55845141094c48, 649e5f6f6f54862e9473724801bfe667, 0435f09312a1c55aa67247cca2030069, b8187e937f58582bddf196dd121427cd, ef0c770e57df5db0c408f2f5529203f3, e6b229829709db24dffea8e4aa9f9b68, 6b78271465b302ba4f513388d3c0cb5c, cac8f40ab34294b9c8658322a4c09926, 547796f2a2239fdea59c09139cef8b88, deacc1ff9af1ab9f9f23773cabb95f44, edbf938d8fc2c3c1998cdbdf4c54218c, d22418abc72d90719b92e80d5b0db47a, 13745eb0dfc0e9aa56ca5189b1f669f4, 31f9a3d48516fe0b45662aa4039b8734, 5b9134bc22f3a01516c7a5368b15986e, 634ec0c29982f85b55b4c550ae1fbd42, b2077c734b62fbd31f9ec7de324d0db4, 8a5e9ace513b5d7574207d283e37470a, da2d558c73ce200b3ec794b1ffc866c6, 3b3ded6202447e59f75324d2aa9c0c75, 0bf1c1bd0d3e9310718e70d8b67cd096, e340696182fbbc3db7491be925b71b80, b7c138058e5d3b41967386668e5291fb, 7ff9743472ee203d2d9078af01acbe34, 2a09aa1126daffe406b40830d08641ce, 2671816873547700d010fda4b5a02851, 89e30dd48ab1ed078978d6f9c18eea27, fc47567bee71fa41a3c192158d089753, 8e62d734c8da730f5c0690bb7b72612a, 9ebff67d8a1516b7c05edc6ba002ab68, ac9f2e5ab40470eac89889d9f68d95e6, 03a8ac0fc069ec71a6a094a8b192a342, 12845cc83a3b3b01cdcb7c05dace5331, c3d9755fd88a455230925453e4c48c2b, bde6d5d8f7632e132fa5b2ae53df6d71, ddbb3d7561361b573df362a844ee6600, 3863b99d8fb0e6f9a46f4cb25ad00947, 86996e8c4c7accf0ac56a6613737cfa6, 01829c94482a40d9cd301f2fcaf5c429, 7164ee693c585e227b94714945303ebc, 1965f7e3c7fc66e0babf0e5cfb1ce385, 2d8c45978ffcb275a5b0a9dfdd0d42f4, 996cf7185ae2c0908e80fa31bbb2680d, 898a8a0ad7b71c84cbd7369c33116f9f, 049b038588356289cb566c823c5c7bf4, 681eb0a0abe101e6cfbfe0bb7205f245, 038d4b65831a5f2d926942cff7e8ef92, e38c74baf44ded4057a5f15318ac2ca9, 9acf1f65c15060e0e3396ab6d6164495)\"}","isBase64Encoded":true}
19:13:15.880 [default-akka.actor.default-dispatcher-4] INFO  akka.event.slf4j.Slf4jLogger - Slf4jLogger started
19:13:15.935 [main] INFO  AkkaHttpService$ - Building HTTP Request
19:13:16.000 [main] INFO  AkkaHttpService$ - POST HTTP Request
19:13:17.052 [default-akka.actor.default-dispatcher-6] INFO  AkkaHttpService$ - HttpEntity.Strict(application/json,1832 bytes total)
19:13:17.052 [default-akka.actor.default-dispatcher-6] INFO  AkkaHttpService$ - 200 OK
19:13:17.052 [default-akka.actor.default-dispatcher-6] INFO  AkkaHttpService$ - List(Date: Wed, 02 Nov 2022 00:13:16 GMT, Connection: keep-alive, x-amzn-RequestId: 8ba7c1e9-2b6b-42bc-a5a5-d48e9fe2650f, x-amz-apigw-id: a8lkfEq1IAMFZUw=, X-Amzn-Trace-Id: Root=1-6361b61c-63cfcbf54a4c1f6e6f5070a4;Sampled=0)
19:13:17.057 [default-akka.actor.default-dispatcher-4] INFO  AkkaHttpService$ - {"statusCode":200,"headers":{"Content-Type":"application/json"},"body":"{\"status\":200,\"message\":\"Logs Found\",\"MD5Hexoutput\":\"List(a85b514db723e1a34b55845141094c48, 649e5f6f6f54862e9473724801bfe667, 0435f09312a1c55aa67247cca2030069, b8187e937f58582bddf196dd121427cd, ef0c770e57df5db0c408f2f5529203f3, e6b229829709db24dffea8e4aa9f9b68, 6b78271465b302ba4f513388d3c0cb5c, cac8f40ab34294b9c8658322a4c09926, 547796f2a2239fdea59c09139cef8b88, deacc1ff9af1ab9f9f23773cabb95f44, edbf938d8fc2c3c1998cdbdf4c54218c, d22418abc72d90719b92e80d5b0db47a, 13745eb0dfc0e9aa56ca5189b1f669f4, 31f9a3d48516fe0b45662aa4039b8734, 5b9134bc22f3a01516c7a5368b15986e, 634ec0c29982f85b55b4c550ae1fbd42, b2077c734b62fbd31f9ec7de324d0db4, 8a5e9ace513b5d7574207d283e37470a, da2d558c73ce200b3ec794b1ffc866c6, 3b3ded6202447e59f75324d2aa9c0c75, 0bf1c1bd0d3e9310718e70d8b67cd096, e340696182fbbc3db7491be925b71b80, b7c138058e5d3b41967386668e5291fb, 7ff9743472ee203d2d9078af01acbe34, 2a09aa1126daffe406b40830d08641ce, 2671816873547700d010fda4b5a02851, 89e30dd48ab1ed078978d6f9c18eea27, fc47567bee71fa41a3c192158d089753, 8e62d734c8da730f5c0690bb7b72612a, 9ebff67d8a1516b7c05edc6ba002ab68, ac9f2e5ab40470eac89889d9f68d95e6, 03a8ac0fc069ec71a6a094a8b192a342, 12845cc83a3b3b01cdcb7c05dace5331, c3d9755fd88a455230925453e4c48c2b, bde6d5d8f7632e132fa5b2ae53df6d71, ddbb3d7561361b573df362a844ee6600, 3863b99d8fb0e6f9a46f4cb25ad00947, 86996e8c4c7accf0ac56a6613737cfa6, 01829c94482a40d9cd301f2fcaf5c429, 7164ee693c585e227b94714945303ebc, 1965f7e3c7fc66e0babf0e5cfb1ce385, 2d8c45978ffcb275a5b0a9dfdd0d42f4, 996cf7185ae2c0908e80fa31bbb2680d, 898a8a0ad7b71c84cbd7369c33116f9f, 049b038588356289cb566c823c5c7bf4, 681eb0a0abe101e6cfbfe0bb7205f245, 038d4b65831a5f2d926942cff7e8ef92, e38c74baf44ded4057a5f15318ac2ca9, 9acf1f65c15060e0e3396ab6d6164495)\"}","isBase64Encoded":true}
19:13:39.585 [default-akka.actor.default-dispatcher-4] INFO  akka.event.slf4j.Slf4jLogger - Slf4jLogger started
19:13:39.639 [main] INFO  AkkaHttpService$ - Building HTTP Request
19:13:39.705 [main] INFO  AkkaHttpService$ - POST HTTP Request
19:13:40.921 [default-akka.actor.default-dispatcher-4] INFO  AkkaHttpService$ - HttpEntity.Strict(application/json,1832 bytes total)
19:13:40.922 [default-akka.actor.default-dispatcher-4] INFO  AkkaHttpService$ - 200 OK
19:13:40.922 [default-akka.actor.default-dispatcher-4] INFO  AkkaHttpService$ - List(Date: Wed, 02 Nov 2022 00:13:40 GMT, Connection: keep-alive, x-amzn-RequestId: 84293ee7-c211-4a6d-9b1b-9d49c97e2cca, x-amz-apigw-id: a8loMHb2oAMFveg=, X-Amzn-Trace-Id: Root=1-6361b634-11757a420d5bcaad5b6c88ed;Sampled=0)
19:13:40.928 [default-akka.actor.default-dispatcher-8] INFO  AkkaHttpService$ - {"statusCode":200,"headers":{"Content-Type":"application/json"},"body":"{\"status\":200,\"message\":\"Logs Found\",\"MD5Hexoutput\":\"List(a85b514db723e1a34b55845141094c48, 649e5f6f6f54862e9473724801bfe667, 0435f09312a1c55aa67247cca2030069, b8187e937f58582bddf196dd121427cd, ef0c770e57df5db0c408f2f5529203f3, e6b229829709db24dffea8e4aa9f9b68, 6b78271465b302ba4f513388d3c0cb5c, cac8f40ab34294b9c8658322a4c09926, 547796f2a2239fdea59c09139cef8b88, deacc1ff9af1ab9f9f23773cabb95f44, edbf938d8fc2c3c1998cdbdf4c54218c, d22418abc72d90719b92e80d5b0db47a, 13745eb0dfc0e9aa56ca5189b1f669f4, 31f9a3d48516fe0b45662aa4039b8734, 5b9134bc22f3a01516c7a5368b15986e, 634ec0c29982f85b55b4c550ae1fbd42, b2077c734b62fbd31f9ec7de324d0db4, 8a5e9ace513b5d7574207d283e37470a, da2d558c73ce200b3ec794b1ffc866c6, 3b3ded6202447e59f75324d2aa9c0c75, 0bf1c1bd0d3e9310718e70d8b67cd096, e340696182fbbc3db7491be925b71b80, b7c138058e5d3b41967386668e5291fb, 7ff9743472ee203d2d9078af01acbe34, 2a09aa1126daffe406b40830d08641ce, 2671816873547700d010fda4b5a02851, 89e30dd48ab1ed078978d6f9c18eea27, fc47567bee71fa41a3c192158d089753, 8e62d734c8da730f5c0690bb7b72612a, 9ebff67d8a1516b7c05edc6ba002ab68, ac9f2e5ab40470eac89889d9f68d95e6, 03a8ac0fc069ec71a6a094a8b192a342, 12845cc83a3b3b01cdcb7c05dace5331, c3d9755fd88a455230925453e4c48c2b, bde6d5d8f7632e132fa5b2ae53df6d71, ddbb3d7561361b573df362a844ee6600, 3863b99d8fb0e6f9a46f4cb25ad00947, 86996e8c4c7accf0ac56a6613737cfa6, 01829c94482a40d9cd301f2fcaf5c429, 7164ee693c585e227b94714945303ebc, 1965f7e3c7fc66e0babf0e5cfb1ce385, 2d8c45978ffcb275a5b0a9dfdd0d42f4, 996cf7185ae2c0908e80fa31bbb2680d, 898a8a0ad7b71c84cbd7369c33116f9f, 049b038588356289cb566c823c5c7bf4, 681eb0a0abe101e6cfbfe0bb7205f245, 038d4b65831a5f2d926942cff7e8ef92, e38c74baf44ded4057a5f15318ac2ca9, 9acf1f65c15060e0e3396ab6d6164495)\"}","isBase64Encoded":true}
19:15:15.095 [default-akka.actor.default-dispatcher-4] INFO  akka.event.slf4j.Slf4jLogger - Slf4jLogger started
19:15:15.155 [main] INFO  AkkaHttpService$ - Building HTTP Request
19:15:15.228 [main] INFO  AkkaHttpService$ - POST HTTP Request
19:15:33.779 [default-akka.actor.default-dispatcher-5] INFO  AkkaHttpService$ - HttpEntity.Strict(application/json,1832 bytes total)
19:15:33.781 [default-akka.actor.default-dispatcher-5] INFO  AkkaHttpService$ - 200 OK
19:15:33.785 [default-akka.actor.default-dispatcher-5] INFO  AkkaHttpService$ - List(Date: Wed, 02 Nov 2022 00:15:29 GMT, Connection: keep-alive, x-amzn-RequestId: 4b9044be-9459-4329-9ca1-c768c9b4030a, x-amz-apigw-id: a8l5JFNgIAMFQDg=, X-Amzn-Trace-Id: Root=1-6361b6a0-6dd590f1069991b611c69b4f;Sampled=0)
19:15:33.803 [default-akka.actor.default-dispatcher-4] INFO  AkkaHttpService$ - {"statusCode":200,"headers":{"Content-Type":"application/json"},"body":"{\"status\":200,\"message\":\"Logs Found\",\"MD5Hexoutput\":\"List(a85b514db723e1a34b55845141094c48, 649e5f6f6f54862e9473724801bfe667, 0435f09312a1c55aa67247cca2030069, b8187e937f58582bddf196dd121427cd, ef0c770e57df5db0c408f2f5529203f3, e6b229829709db24dffea8e4aa9f9b68, 6b78271465b302ba4f513388d3c0cb5c, cac8f40ab34294b9c8658322a4c09926, 547796f2a2239fdea59c09139cef8b88, deacc1ff9af1ab9f9f23773cabb95f44, edbf938d8fc2c3c1998cdbdf4c54218c, d22418abc72d90719b92e80d5b0db47a, 13745eb0dfc0e9aa56ca5189b1f669f4, 31f9a3d48516fe0b45662aa4039b8734, 5b9134bc22f3a01516c7a5368b15986e, 634ec0c29982f85b55b4c550ae1fbd42, b2077c734b62fbd31f9ec7de324d0db4, 8a5e9ace513b5d7574207d283e37470a, da2d558c73ce200b3ec794b1ffc866c6, 3b3ded6202447e59f75324d2aa9c0c75, 0bf1c1bd0d3e9310718e70d8b67cd096, e340696182fbbc3db7491be925b71b80, b7c138058e5d3b41967386668e5291fb, 7ff9743472ee203d2d9078af01acbe34, 2a09aa1126daffe406b40830d08641ce, 2671816873547700d010fda4b5a02851, 89e30dd48ab1ed078978d6f9c18eea27, fc47567bee71fa41a3c192158d089753, 8e62d734c8da730f5c0690bb7b72612a, 9ebff67d8a1516b7c05edc6ba002ab68, ac9f2e5ab40470eac89889d9f68d95e6, 03a8ac0fc069ec71a6a094a8b192a342, 12845cc83a3b3b01cdcb7c05dace5331, c3d9755fd88a455230925453e4c48c2b, bde6d5d8f7632e132fa5b2ae53df6d71, ddbb3d7561361b573df362a844ee6600, 3863b99d8fb0e6f9a46f4cb25ad00947, 86996e8c4c7accf0ac56a6613737cfa6, 01829c94482a40d9cd301f2fcaf5c429, 7164ee693c585e227b94714945303ebc, 1965f7e3c7fc66e0babf0e5cfb1ce385, 2d8c45978ffcb275a5b0a9dfdd0d42f4, 996cf7185ae2c0908e80fa31bbb2680d, 898a8a0ad7b71c84cbd7369c33116f9f, 049b038588356289cb566c823c5c7bf4, 681eb0a0abe101e6cfbfe0bb7205f245, 038d4b65831a5f2d926942cff7e8ef92, e38c74baf44ded4057a5f15318ac2ca9, 9acf1f65c15060e0e3396ab6d6164495)\"}","isBase64Encoded":true}
19:16:21.834 [default-akka.actor.default-dispatcher-4] INFO  akka.event.slf4j.Slf4jLogger - Slf4jLogger started
19:16:21.892 [main] INFO  AkkaHttpService$ - Building HTTP Request
19:16:21.963 [main] INFO  AkkaHttpService$ - POST HTTP Request
19:26:34.815 [default-akka.actor.default-dispatcher-4] INFO  akka.event.slf4j.Slf4jLogger - Slf4jLogger started
19:26:34.872 [main] INFO  AkkaHttpService$ - Building HTTP Request
19:26:34.942 [main] INFO  AkkaHttpService$ - POST HTTP Request
19:26:46.480 [default-akka.actor.default-dispatcher-5] INFO  akka.event.slf4j.Slf4jLogger - Slf4jLogger started
19:26:46.538 [main] INFO  AkkaHttpService$ - Building HTTP Request
19:26:46.608 [main] INFO  AkkaHttpService$ - POST HTTP Request
19:26:54.994 [default-akka.actor.default-dispatcher-4] INFO  akka.event.slf4j.Slf4jLogger - Slf4jLogger started
19:27:11.449 [default-akka.actor.default-dispatcher-5] INFO  akka.event.slf4j.Slf4jLogger - Slf4jLogger started
19:27:11.500 [main] INFO  AkkaHttpService$ - Building HTTP Request
19:27:11.565 [main] INFO  AkkaHttpService$ - POST HTTP Request
19:31:20.666 [default-akka.actor.default-dispatcher-5] INFO  akka.event.slf4j.Slf4jLogger - Slf4jLogger started
19:31:20.734 [main] INFO  AkkaHttpService$ - Building HTTP Request
19:31:20.811 [main] INFO  AkkaHttpService$ - POST HTTP Request
19:31:40.019 [default-akka.actor.default-dispatcher-4] INFO  akka.event.slf4j.Slf4jLogger - Slf4jLogger started
19:31:40.079 [main] INFO  AkkaHttpService$ - Building HTTP Request
19:31:40.151 [main] INFO  AkkaHttpService$ - POST HTTP Request
19:33:33.784 [default-akka.actor.default-dispatcher-4] INFO  akka.event.slf4j.Slf4jLogger - Slf4jLogger started
19:33:33.849 [main] INFO  AkkaHttpService$ - Building HTTP Request
19:33:33.919 [main] INFO  AkkaHttpService$ - POST HTTP Request
20:04:43.694 [default-akka.actor.default-dispatcher-5] INFO  akka.event.slf4j.Slf4jLogger - Slf4jLogger started
20:05:12.859 [default-akka.actor.default-dispatcher-4] INFO  akka.event.slf4j.Slf4jLogger - Slf4jLogger started
20:05:30.213 [default-akka.actor.default-dispatcher-5] INFO  akka.event.slf4j.Slf4jLogger - Slf4jLogger started
20:06:24.138 [default-akka.actor.default-dispatcher-5] INFO  akka.event.slf4j.Slf4jLogger - Slf4jLogger started
20:07:39.752 [default-akka.actor.default-dispatcher-6] INFO  akka.event.slf4j.Slf4jLogger - Slf4jLogger started
20:07:39.822 [ScalaTest-run-running-AkkaHttpServiceTest] INFO  AkkaHttpService$ - Building HTTP Request
20:07:39.908 [ScalaTest-run-running-AkkaHttpServiceTest] INFO  AkkaHttpService$ - POST HTTP Request
20:07:49.419 [ScalaTest-run-running-AkkaHttpServiceTest] INFO  AkkaHttpService$ - Building HTTP Request
20:07:49.420 [ScalaTest-run-running-AkkaHttpServiceTest] INFO  AkkaHttpService$ - POST HTTP Request
20:08:22.300 [default-akka.actor.default-dispatcher-6] INFO  akka.event.slf4j.Slf4jLogger - Slf4jLogger started
20:08:22.364 [ScalaTest-run-running-AkkaHttpServiceTest] INFO  AkkaHttpService$ - Building HTTP Request
20:08:22.440 [ScalaTest-run-running-AkkaHttpServiceTest] INFO  AkkaHttpService$ - POST HTTP Request
20:09:11.257 [default-akka.actor.default-dispatcher-6] INFO  akka.event.slf4j.Slf4jLogger - Slf4jLogger started
20:09:11.316 [ScalaTest-run-running-AkkaHttpServiceTest] INFO  AkkaHttpService$ - Building HTTP Request
20:09:11.397 [ScalaTest-run-running-AkkaHttpServiceTest] INFO  AkkaHttpService$ - POST HTTP Request
20:19:55.514 [default-akka.actor.default-dispatcher-4] INFO  akka.event.slf4j.Slf4jLogger - Slf4jLogger started
20:19:55.583 [main] INFO  AkkaHttpService$ - Building HTTP Request
20:19:55.656 [main] INFO  AkkaHttpService$ - POST HTTP Request
20:20:35.563 [default-akka.actor.default-dispatcher-4] INFO  akka.event.slf4j.Slf4jLogger - Slf4jLogger started
20:20:35.628 [main] INFO  AkkaHttpService$ - Building HTTP Request
20:20:35.705 [main] INFO  AkkaHttpService$ - POST HTTP Request
20:22:24.923 [default-akka.actor.default-dispatcher-4] INFO  akka.event.slf4j.Slf4jLogger - Slf4jLogger started
20:22:24.991 [ScalaTest-run-running-AkkaHttpServiceTest] INFO  AkkaHttpService$ - Building HTTP Request
20:22:25.077 [ScalaTest-run-running-AkkaHttpServiceTest] INFO  AkkaHttpService$ - POST HTTP Request
20:23:57.705 [default-akka.actor.default-dispatcher-5] INFO  akka.event.slf4j.Slf4jLogger - Slf4jLogger started
20:23:57.767 [ScalaTest-run-running-AkkaHttpServiceTest] INFO  AkkaHttpService$ - Building HTTP Request
20:23:57.851 [ScalaTest-run-running-AkkaHttpServiceTest] INFO  AkkaHttpService$ - POST HTTP Request
20:24:11.852 [default-akka.actor.default-dispatcher-5] INFO  akka.event.slf4j.Slf4jLogger - Slf4jLogger started
20:24:11.917 [ScalaTest-run-running-AkkaHttpServiceTest] INFO  AkkaHttpService$ - Building HTTP Request
20:24:12.000 [ScalaTest-run-running-AkkaHttpServiceTest] INFO  AkkaHttpService$ - POST HTTP Request
